C51 COMPILER V9.54   MAIN                                                                  07/01/2022 11:09:28 PAGE 1   


C51 COMPILER V9.54, COMPILATION OF MODULE MAIN
OBJECT MODULE PLACED IN .\Obj\main.obj
COMPILER INVOKED BY: H:\keil51\C51\BIN\C51.EXE User\main.c OPTIMIZE(8,SPEED) BROWSE INCDIR(.\App\24c02;.\App\iic;.\App\k
                    -ey;.\App\smg;.\Public;.\App\ds18b20;.\App\ds1302;.\App\ired;.\App\time;.\App\xpt2046;.\App\pwm;.\App\lcd1602) DEBUG OBJE
                    -CTEXTEND PRINT(.\Obj\main.lst) TABS(2) OBJECT(.\Obj\main.obj)

line level    source

   1          #include "public.h"
   2          #include "lcd1602.h"
   3          #include "key.h"
   4          #include "Timer0.h"
   5          #include "mkey.h"
   6          #include "ired.h"
   7          #include "string.h"
   8          #include "beep.h"
   9          #include "AT24C02.h"
  10          #include "UART.h"
  11          #define sjia    0x08
  12          #define sjian   0x1C
  13          #define fjia    0x42
  14          #define fjian   0x52
  15           char choice=0,choice2=0,choice3=0;
  16          unsigned char KeyValue;
  17          unsigned char key;
  18          unsigned char shan=0;
  19          unsigned char mode=0;
  20          unsigned char ok=0;
  21          unsigned char temp=0;
  22          unsigned char keynum,Runflag;
  23          unsigned char timeSetSelect,timeSetFlashFlag,Value;
  24          unsigned char time[11];
  25          unsigned char ctime[11];
  26          unsigned char timec[9];
  27          u8 chuan[6];
  28          
  29          
  30          char  w;
  31          u8 time_buf[9];
  32          u8 ired_tempx=0;
  33          u8 cshi=8;//ms级定义
  34          u8 csec=10;//秒定义
  35          u8 cmin=17;//分定义
  36          u8 cyear=22;
  37          u8 cmouth=6;
  38          u8  cday=29;
  39          /*******************************************************************************
  40          * 函 数 名       : main
  41          * 函数功能     : 主函数
  42          * 输    入       : 无
  43          * 输    出       : 无
  44          *******************************************************************************/
  45          void set()
  46          { 
  47   1      
  48   1      if(choice==1&&shan==1&&choice2!=1&&choice2!=2&&choice3==0)
  49   1      {
  50   2        lcd1602_show_string(0,0," ");
  51   2        
  52   2      }
  53   1      
C51 COMPILER V9.54   MAIN                                                                  07/01/2022 11:09:28 PAGE 2   

  54   1      if(choice==2&&shan==1&&choice2!=1&&choice2!=2&&choice3==0)
  55   1      {
  56   2      lcd1602_show_string(0,1," ");
  57   2      
  58   2      } 
  59   1      
  60   1      if(choice==2&&shan==1&&choice2==2&&choice2!=1&&choice3==0)
  61   1      {
  62   2      lcd1602_show_string(0,1," ");}
  63   1      
  64   1      if(choice==1&&shan==1&&choice2==1&&choice2!=2&&choice3==0)
  65   1      {
  66   2      lcd1602_show_string(0,0," ");}
  67   1      
  68   1        if(choice==1&&shan==1&&choice2==2&&choice2!=1&&choice3==0)
  69   1      {
  70   2      lcd1602_show_string(0,0," ");}
  71   1      
  72   1      if(choice ==2&&shan==1&&choice2==1&&choice2!=2&&choice3==0)
  73   1      {
  74   2      lcd1602_show_string(0,1," ");}
  75   1      
  76   1      if(choice==1&&choice2==2&&shan!=1&&choice3==0){lcd1602_show_string(0,0,"1.Scloc");lcd1602_show_string(0,1,
             -"2.Salar");}
  77   1      if(choice==2&&choice2==2&&shan!=1&&choice3==0){lcd1602_show_string(0,0,"1.Scloc");lcd1602_show_string(0,1,
             -"2.Salar");}
  78   1      
  79   1      if (choice==1&&choice2==1&&shan!=1&&choice3==0){lcd1602_show_string(0,0,"1.clock");lcd1602_show_string(0,1
             -,"2.alarm");}
  80   1      if (choice==2&&choice2==1&&shan!=1&&choice3==0){lcd1602_show_string(0,0,"1.clock");lcd1602_show_string(0,1
             -,"2.alarm");}
  81   1      if(choice3!=1&&choice3!=2&&choice2!=1&&choice2!=2&&shan!=1)
  82   1      {
  83   2        lcd1602_show_string(0,0,"1.ShowT");
  84   2      lcd1602_show_string(0,1,"2.SettT");
  85   2      }
  86   1      }
  87          
  88          
  89          
  90          
  91          void showtime()
  92          {
  93   1        u8 temp,temp1;
  94   1        u8  W[4];
  95   1        
  96   1        if(mouth==1)
  97   1        {temp=mouth;temp1=year;
  98   2          mouth=13;year=year-1;
  99   2        w=(day+2*mouth+3*(mouth+1)/5+year+year/4-year/100+year/400)%7;
 100   2        mouth=temp;year=temp1;}
 101   1        if(mouth==2)
 102   1        {temp=mouth;temp1=year;
 103   2          mouth=14;year=year-1;
 104   2        w=(day+2*mouth+3*(mouth+1)/5+year+year/4-year/100+year/400)%7;
 105   2        mouth=temp;year=temp1;}
 106   1        else w=(day+2*mouth+3*(mouth+1)/5+year+year/4-year/100+year/400)%7;
 107   1        time_buf[0]=gshi/10+0x30;
 108   1          time_buf[1]=gshi%10+0x30;//分
 109   1          time_buf[2]=':';//-
 110   1          time_buf[3]=gmin/10+0x30;
 111   1          time_buf[4]=gmin%10+0x30;//秒
C51 COMPILER V9.54   MAIN                                                                  07/01/2022 11:09:28 PAGE 3   

 112   1          time_buf[5]=':';//-
 113   1          time_buf[6]=gsec/10+0x30;
 114   1          time_buf[7]=gsec%10+0x30;//毫秒
 115   1          time_buf[8]='\0';
 116   1        time[0]=2+0x30;
 117   1        time[1]=0+0x30;
 118   1        time[2]=year/10+0x30;
 119   1        time[3]=year%10+0x30;
 120   1        time[4]='-';
 121   1        time[5]=mouth/10+0x30;
 122   1        time[6]=mouth%10+0x30;
 123   1        time[7]='-';
 124   1        time[8]=day/10+0x30;
 125   1        time[9]=day%10+0x30;
 126   1        time[10]='\0';
 127   1        W[2]=w+0x31;
 128   1        W[0]=0x57;
 129   1        W[1]=':';
 130   1        W[3]='\0';
 131   1      lcd1602_show_string(0,0,time);
 132   1        lcd1602_show_string(0,1,time_buf);
 133   1        lcd1602_show_string(12,0,W);
 134   1      }
 135          
 136          
 137          void showclock()
 138          {
 139   1        ctime[0]=2+0x30;
 140   1        ctime[1]=0+0x30;
 141   1        ctime[2]=cyear/10+0x30;
 142   1        ctime[3]=cyear%10+0x30;
 143   1        ctime[4]='-';
 144   1        ctime[5]=cmouth/10+0x30;
 145   1        ctime[6]=cmouth%10+0x30;
 146   1        ctime[7]='-';
 147   1        ctime[8]=cday/10+0x30;
 148   1        ctime[9]=cday%10+0x30;
 149   1        ctime[10]='\0';
 150   1        timec[0]=cshi/10+0x30;
 151   1          timec[1]=cshi%10+0x30;//分
 152   1          timec[2]=':';//-
 153   1          timec[3]=cmin/10+0x30;
 154   1          timec[4]=cmin%10+0x30;//秒
 155   1          timec[5]=':';//-
 156   1          timec[6]=csec/10+0x30;
 157   1          timec[7]=csec%10+0x30;//毫秒
 158   1          timec[8]='\0';
 159   1        lcd1602_show_string(12,0,"C"); 
 160   1        lcd1602_show_string(0,0,ctime); 
 161   1        lcd1602_show_string(0,1,timec);
 162   1      } 
 163            
 164            void init()
 165            {gshi=AT24C02_ReadByte(0);
 166   1        gmin=AT24C02_ReadByte(1);
 167   1        gsec=AT24C02_ReadByte(2);
 168   1          year=AT24C02_ReadByte(3);
 169   1        mouth=AT24C02_ReadByte(4);
 170   1        day=AT24C02_ReadByte(5);
 171   1        }
 172            
 173            void init1()
C51 COMPILER V9.54   MAIN                                                                  07/01/2022 11:09:28 PAGE 4   

 174            {
 175   1          AT24C02_WriteByte(0,gshi);
 176   1          delay_ms(5);
 177   1          AT24C02_WriteByte(1,gmin);
 178   1          delay_ms(5);
 179   1          AT24C02_WriteByte(2,gsec);
 180   1          delay_ms(5);
 181   1          AT24C02_WriteByte(3,year);
 182   1          delay_ms(5);
 183   1          AT24C02_WriteByte(4,mouth);
 184   1          delay_ms(5);
 185   1          AT24C02_WriteByte(5,day);
 186   1          delay_ms(5);
 187   1        }
 188          
 189            void chuan1()
 190            {
 191   1          chuan[0]=year;
 192   1      chuan[1]=mouth;
 193   1      chuan[2]=day;
 194   1      chuan[3]=gshi;
 195   1      chuan[4]=gmin;
 196   1      chuan[5]=gsec;
 197   1        }
 198          void panduan()
 199          { 
 200   1      if(key==KEY1_PRESS){choice++;}
 201   1      if(key==KEY4_PRESS){
 202   2      if(choice2==2&&mode==0)choice2=0;else choice2--; 
 203   2      if(mode==1||mode==2||mode==3||mode==4)lcd1602_show_string(0,0,"                   ");lcd1602_show_string(0,1,
             -"             ");mode=0;
 204   2      }
 205   1      if(choice2<=0){choice2=0;}
 206   1      if(choice3<=0){choice3=0;}
 207   1      if(key==KEY3_PRESS){
 208   2        if(choice2!=1&&choice2!=2&&choice==1&&shan==1)choice2=1;
 209   2        if(choice2!=1&&choice2!=2&&choice==2&&shan==1)choice2=2;
 210   2        
 211   2      }
 212   1      if(key==KEY2_PRESS)
 213   1        { 
 214   2          if(choice==1&&choice2==1)mode=1;
 215   2          if(choice==1&&choice2==2)mode=2;
 216   2          if(choice==2&&choice2==1)mode=3;
 217   2          if(choice==2&&choice2==2)mode=4;
 218   2        }
 219   1        
 220   1      if(choice>2){choice=0;}
 221   1      if(choice2>2){choice=0;}
 222   1      if(mode>4){mode=0;}
 223   1      if((year==cyear)&&(gshi==cshi)&&(gmin==cmin)&&(gsec==csec)&&(mouth==cmouth)&&(day==cday))
 224   1      {beep_alarm(100000,10);}
 225   1            
 226   1      }
 227              
 228              
 229           void settime()
 230           {Value=MatrixKey();
 231   1          switch(Value)
 232   1                  {
 233   2                        case 1:gshi++;if(gshi>=24)gshi=0;Value=0;delay_ms(10); break;
 234   2                        case 2:if(gshi==0)gshi=24;gshi--;Value=0;delay_ms(10); break;
C51 COMPILER V9.54   MAIN                                                                  07/01/2022 11:09:28 PAGE 5   

 235   2                        case 3:gmin++;if(gmin>=60)gmin=0;Value=0;delay_ms(10); break;
 236   2                        case 4:if(gmin==0)gmin=60;gmin--;Value=0;delay_ms(10); break;
 237   2                        case 5:year++;if(year>=100)year=0;Value=0;delay_ms(10); break;
 238   2                        case 6:if(year==0)year=100;year--;Value=0;delay_ms(10); break;
 239   2                        case 7:mouth++;if(mouth==13){year++;mouth=1;day=1;}Value=0;delay_ms(10); break;
 240   2                        case 8:if(mouth==1)mouth=13;mouth--;Value=0;delay_ms(10); break;
 241   2                        case 9:day++;if((year%4)==0&&mouth==2&&day>29){mouth++;day=1;} 
 242   2                                  if(mouth==12&&day>31){mouth=1;day=1;year++;}
 243   2                                  if(day>=32){mouth++;day=1;}
 244   2                                   if((mouth==4||mouth==6||mouth==9||mouth==11)&&day>30){day=1;mouth++;}
 245   2      if((year%4)!=0&&mouth==2&&day>28){mouth++;day=1;}Value=0;delay_ms(10); break;
 246   2                        case 10:if(day==1)day=32;day--;Value=0;delay_ms(10); break;
 247   2                        default:break;
 248   2                        }
 249   1       if(ired_tempx==sjia)//如果是第一键按下
 250   1          {
 251   2            gired_data[2]=0;//清零,等待下次按键按下
 252   2            gshi++;
 253   2            if(gshi>=24)gshi=0;
 254   2          }
 255   1          else if(ired_tempx==sjian)//如果是第一键按下
 256   1          {
 257   2            gired_data[2]=0;//清零,等待下次按键按下
 258   2            if(gshi==0)gshi=24;gshi--;
 259   2          }
 260   1          else if(ired_tempx==fjia)//如果是第一键按下
 261   1          {
 262   2            gired_data[2]=0;//清零,等待下次按键按下
 263   2            gmin++;
 264   2          if(gmin>=60)gmin=0;
 265   2            
 266   2          }
 267   1          else if(ired_tempx==fjian)//如果是第一键按下
 268   1          {
 269   2            gired_data[2]=0;//清零,等待下次按键按下
 270   2            if(gmin==0)gmin=60; gmin--;}
 271   1          }
 272          void csettime()
 273           {Value=MatrixKey();
 274   1          switch(Value)
 275   1                  {
 276   2                      
 277   2                        case 1:cshi++;if(cshi>=24)cshi=0;Value=0;delay_ms(10); break;
 278   2                        case 2:if(cshi==0)cshi=24;cshi--;Value=0;delay_ms(10); break;
 279   2                        case 3:cmin++;if(cmin>=60)cmin=0;Value=0;delay_ms(10); break;
 280   2                        case 4:if(cmin==0)cmin=60;cmin--;Value=0;delay_ms(10); break;
 281   2                        case 5:cyear++;if(cyear>=100)cyear=0;Value=0;delay_ms(10); break;
 282   2                        case 6:if(cyear==0)cyear=100;cyear--;Value=0;delay_ms(10); break;
 283   2                        case 7:cmouth++;if(cmouth==13){cyear++;cmouth=1;cday=1;}Value=0;delay_ms(10); break;
 284   2                        case 8:if(cmouth==1)cmouth=13;cmouth--;Value=0;delay_ms(10); break;
 285   2                        case 9:cday++;if((cyear%4)==0&&cmouth==2&&cday>29){cmouth++;cday=1;} 
 286   2                                  if(cmouth==12&&cday>31){cmouth=1;cday=1;cyear++;}
 287   2                                  if(cday>=32){cmouth++;cday=1;}
 288   2                                   if((cmouth==4||cmouth==6||cmouth==9||cmouth==11)&&cday>30){cday=1;cmouth++;}
 289   2      if((cyear%4)!=0&&cmouth==2&&cday>28){cmouth++;cday=1;}Value=0;delay_ms(10); break;
 290   2                        case 10:if(cday==1)cday=32;cday--;Value=0;delay_ms(10); break;
 291   2                        default:break;
 292   2                        }   
 293   1       if(ired_tempx==sjia)//如果是第一键按下
 294   1          {
 295   2            gired_data[2]=0;//清零,等待下次按键按下
 296   2            cshi++;
C51 COMPILER V9.54   MAIN                                                                  07/01/2022 11:09:28 PAGE 6   

 297   2            if(cshi>=24)cshi=0;
 298   2          }
 299   1          else if(ired_tempx==sjian)//如果是第一键按下
 300   1          {
 301   2            gired_data[2]=0;//清零,等待下次按键按下
 302   2            if(cshi==0)cshi=24;cshi--;
 303   2          }
 304   1          else if(ired_tempx==fjia)//如果是第一键按下
 305   1          {
 306   2            gired_data[2]=0;//清零,等待下次按键按下
 307   2            cmin++;
 308   2          if(cmin>=60)cmin=0;
 309   2            
 310   2          }
 311   1          else if(ired_tempx==fjian)//如果是第一键按下
 312   1          {
 313   2            gired_data[2]=0;//清零,等待下次按键按下
 314   2            if(cmin==0)cmin=60; cmin--;}
 315   1          }
 316          void main()
 317          { unsigned char MatrixKey();
 318   1        init();
 319   1        lcd1602_init();//LCD1602初始化
 320   1        Timer0_init();
 321   1        Uart_Init();
 322   1        Timer0_start();
 323   1        
 324   1        ired_init();
 325   1        
 326   1        while(1)
 327   1        {   ired_tempx=gired_data[2];
 328   2          chuan1();
 329   2          panduan();
 330   2        init1();
 331   2          key = key_scan(0);
 332   2                    
 333   2                        
 334   2                        switch(mode)
 335   2                        { case 0:set(); break;  
 336   3                          case 2:showtime();settime();break;
 337   3                          case 1:showtime();break;
 338   3                          case 3:showclock();break;
 339   3                          case 4:showclock();csettime();break;
 340   3                        }
 341   2                              
 342   2          
 343   2          
 344   2          
 345   2        } 
 346   1        
 347   1      }
 348            
 349          
 350          
 351          
 352          
 353          
 354          
 355          
 356          
 357          
 358          
C51 COMPILER V9.54   MAIN                                                                  07/01/2022 11:09:28 PAGE 7   

 359          
 360          
 361          
 362          
 363          
 364          
 365          
 366          
 367          
 368          
 369          
 370          
 371          
 372          
 373          
 374          
 375          
 376          
 377          
 378          
 379          
 380          
 381          void Timer0() interrupt 1 //定时器0中断函数
 382          { static unsigned int i=0;
 383   1        TH0=0XDC; //给定时器赋初值，定时10ms
 384   1        TL0=0X00;
 385   1        i++;
 386   1        
 387   1        if (i >= 50)
 388   1        {
 389   2          i = 0;
 390   2          shan = !shan;
 391   2          
 392   2          
 393   2        }
 394   1        gmsec++;//10ms加1次
 395   1        if(gmsec==100)//定时1秒
 396   1        {
 397   2          gmsec=0;
 398   2          gsec++;//对秒计数
 399   2        if(gsec%3==0) {RI=1;}
 400   2          if(gsec==60)//到达60秒，即1分钟
 401   2          { 
 402   3            gsec=0;
 403   3            gmin++;//对分计数
 404   3            if(gmin==60)
 405   3              {gmin=0;
 406   4               gshi++;
 407   4               if(gshi==24) 
 408   4               {  gshi =0;  
 409   5                    day++;
 410   5                  if((year%4)==0&&mouth==2&&day>29){day=1;mouth++;}
 411   5                  else if((year%4)!=0&&mouth==2&&day>28){day=1;mouth++;}
 412   5                  else  if((mouth==1||mouth==3||mouth==5||mouth==7||mouth==8||mouth==10)&&day>31){day=1;mouth++;}
 413   5                  else if((mouth==4||mouth==6||mouth==9||mouth==11)&&day>30){day=1;mouth++;}
 414   5                  else  if(mouth==12&&day>31){mouth=1;day=1;year++;}
 415   5                  
 416   5              }
 417   4            }
 418   3          }
 419   2        }
 420   1      }
C51 COMPILER V9.54   MAIN                                                                  07/01/2022 11:09:28 PAGE 8   

 421          
 422          
 423          
 424          void Uart() interrupt 4 //中断程序
 425          { u8 i=0;
 426   1        
 427   1        if(RI==1)//接受一帧完成后由硬件置一
 428   1        { 
 429   2          //软件清零,防止下次未接收完成就执行程序
 430   2          while(chuan[i]!='\0')
 431   2          {   SBUF=chuan[i]; 
 432   3            delay_ms(10);
 433   3          //将接受数据存入数组
 434   3      
 435   3            i++;
 436   3          }
 437   2        
 438   2          RI = 0;
 439   2        }
 440   1        else
 441   1         TI = 0;    
 442   1      }
 443          


MODULE INFORMATION:   STATIC OVERLAYABLE
   CODE SIZE        =   2867    ----
   CONSTANT SIZE    =     83    ----
   XDATA SIZE       =   ----    ----
   PDATA SIZE       =   ----    ----
   DATA SIZE        =     70       7
   IDATA SIZE       =   ----    ----
   BIT SIZE         =   ----    ----
END OF MODULE INFORMATION.


C51 COMPILATION COMPLETE.  0 WARNING(S),  0 ERROR(S)
