C51 COMPILER V9.54   TIMER0                                                                07/01/2022 11:09:29 PAGE 1   


C51 COMPILER V9.54, COMPILATION OF MODULE TIMER0
OBJECT MODULE PLACED IN .\Obj\TIMER0.obj
COMPILER INVOKED BY: H:\keil51\C51\BIN\C51.EXE TIMER0.c OPTIMIZE(8,SPEED) BROWSE INCDIR(.\App\24c02;.\App\iic;.\App\key;
                    -.\App\smg;.\Public;.\App\ds18b20;.\App\ds1302;.\App\ired;.\App\time;.\App\xpt2046;.\App\pwm;.\App\lcd1602) DEBUG OBJECTE
                    -XTEND PRINT(.\Obj\TIMER0.lst) TABS(2) OBJECT(.\Obj\TIMER0.obj)

line level    source

   1          #include "TIMER0.h"
   2          
   3          //变量定义
   4          u8 gmsec=0;//ms级定义
   5          u8 gsec=22;//秒定义
   6          u8 gmin=6;//分定义
   7          u8 gshi=9;
   8          u8 year=22;
   9          u8 mouth=2;
  10          u8  day=28;
  11          /*******************************************************************************
  12          * 函 数 名       : time0_init
  13          * 函数功能     : 定时器0中断配置函数，通过设置TH和TL即可确定定时时间
  14          * 输    入       : 无
  15          * 输    出       : 无
  16          *******************************************************************************/
  17          void TIMER0_init(void)
  18          {
  19   1        TMOD|=0X01;//选择为定时器0模式，工作方式1
  20   1        TH0=0XDC; //给定时器赋初值，定时10ms
  21   1        TL0=0X00; 
  22   1        ET0=1;//打开定时器1中断允许
  23   1        EA=1;//打开总中断
  24   1        TR0=0;//关闭定时器    
  25   1      }
  26          
  27          /*******************************************************************************
  28          * 函 数 名       : time0_start
  29          * 函数功能     : 定时器0打开
  30          * 输    入       : 无
  31          * 输    出       : 无
  32          *******************************************************************************/
  33          void Timer0_start(void)
  34          {
  35   1        TR0=1;//打开定时器  
  36   1      }
  37          
  38          /*******************************************************************************
  39          * 函 数 名       : time0_stop
  40          * 函数功能     : 定时器0关闭
  41          * 输    入       : 无
  42          * 输    出       : 无
  43          *******************************************************************************/
  44          
  45          
  46          
  47            
  48                  
  49                  
  50                  
  51                  


C51 COMPILER V9.54   TIMER0                                                                07/01/2022 11:09:29 PAGE 2   

MODULE INFORMATION:   STATIC OVERLAYABLE
   CODE SIZE        =     19    ----
   CONSTANT SIZE    =   ----    ----
   XDATA SIZE       =   ----    ----
   PDATA SIZE       =   ----    ----
   DATA SIZE        =      7    ----
   IDATA SIZE       =   ----    ----
   BIT SIZE         =   ----    ----
END OF MODULE INFORMATION.


C51 COMPILATION COMPLETE.  0 WARNING(S),  0 ERROR(S)
